[debug] [2022-12-31T15:33:55.852Z] ----------------------------------------------------------------------
[debug] [2022-12-31T15:33:55.853Z] Command:       /Users/johncompas/.nvm/versions/node/v16.16.0/bin/node /Users/johncompas/code/frontend/packages/functions/node_modules/.bin/firebase emulators:start
[debug] [2022-12-31T15:33:55.853Z] CLI Version:   11.19.0
[debug] [2022-12-31T15:33:55.853Z] Platform:      darwin
[debug] [2022-12-31T15:33:55.853Z] Node Version:  v16.16.0
[debug] [2022-12-31T15:33:55.854Z] Time:          Sat Dec 31 2022 07:33:55 GMT-0800 (Pacific Standard Time)
[debug] [2022-12-31T15:33:55.854Z] ----------------------------------------------------------------------
[debug] 
[debug] [2022-12-31T15:33:55.885Z] > command requires scopes: ["email","openid","https://www.googleapis.com/auth/cloudplatformprojects.readonly","https://www.googleapis.com/auth/firebase","https://www.googleapis.com/auth/cloud-platform"]
[debug] [2022-12-31T15:33:55.885Z] > authorizing via signed-in user (john@letsbelegends.com)
[info] i  emulators: Starting emulators: auth, functions {"metadata":{"emulator":{"name":"hub"},"message":"Starting emulators: auth, functions"}}
[debug] [2022-12-31T15:33:56.393Z] [logging] Logging Emulator only supports listening on one address (127.0.0.1). Not listening on ::1
[debug] [2022-12-31T15:33:56.393Z] [auth] Authentication Emulator only supports listening on one address (127.0.0.1). Not listening on ::1
[debug] [2022-12-31T15:33:56.394Z] assigned listening specs for emulators {"user":{"hub":[{"address":"127.0.0.1","family":"IPv4","port":4400},{"address":"::1","family":"IPv6","port":4400}],"ui":[{"address":"127.0.0.1","family":"IPv4","port":4000},{"address":"::1","family":"IPv6","port":4000}],"logging":[{"address":"127.0.0.1","family":"IPv4","port":4500}],"auth":[{"address":"127.0.0.1","family":"IPv4","port":9099}]},"metadata":{"message":"assigned listening specs for emulators"}}
[debug] [2022-12-31T15:33:56.396Z] [hub] writing locator at /var/folders/lg/d0vpfb3s5877cvsjqsvfcybw0000gn/T/hub-legends-public.json
[debug] [2022-12-31T15:33:56.668Z] [functions] Functions Emulator only supports listening on one address (127.0.0.1). Not listening on ::1
[debug] [2022-12-31T15:33:56.668Z] [eventarc] Eventarc Emulator only supports listening on one address (127.0.0.1). Not listening on ::1
[debug] [2022-12-31T15:33:56.668Z] late-assigned ports for functions and eventarc emulators {"user":{"hub":[{"address":"127.0.0.1","family":"IPv4","port":4400},{"address":"::1","family":"IPv6","port":4400}],"ui":[{"address":"127.0.0.1","family":"IPv4","port":4000},{"address":"::1","family":"IPv6","port":4000}],"logging":[{"address":"127.0.0.1","family":"IPv4","port":4500}],"auth":[{"address":"127.0.0.1","family":"IPv4","port":9099}],"functions":[{"address":"127.0.0.1","family":"IPv4","port":5001}],"eventarc":[{"address":"127.0.0.1","family":"IPv4","port":9299}]},"metadata":{"message":"late-assigned ports for functions and eventarc emulators"}}
[warn] ⚠  functions: The following emulators are not running, calls to these services from the Functions emulator will affect production: firestore, database, hosting, pubsub, storage {"metadata":{"emulator":{"name":"functions"},"message":"The following emulators are not running, calls to these services from the Functions emulator will affect production: \u001b[1mfirestore, database, hosting, pubsub, storage\u001b[22m"}}
[info] ✔  functions: Using node@16 from host. {"metadata":{"emulator":{"name":"functions"},"message":"Using node@16 from host."}}
[debug] [2022-12-31T15:33:56.672Z] defaultcredentials: writing to file /Users/johncompas/.config/firebase/john_letsbelegends_com_application_default_credentials.json
[debug] [2022-12-31T15:33:56.676Z] Setting GAC to /Users/johncompas/.config/firebase/john_letsbelegends_com_application_default_credentials.json {"metadata":{"emulator":{"name":"functions"},"message":"Setting GAC to /Users/johncompas/.config/firebase/john_letsbelegends_com_application_default_credentials.json"}}
[debug] [2022-12-31T15:33:56.677Z] >>> [apiv2][query] GET https://firebase.googleapis.com/v1beta1/projects/legends-public/adminSdkConfig [none]
[debug] [2022-12-31T15:33:57.133Z] <<< [apiv2][status] GET https://firebase.googleapis.com/v1beta1/projects/legends-public/adminSdkConfig 200
[debug] [2022-12-31T15:33:57.133Z] <<< [apiv2][body] GET https://firebase.googleapis.com/v1beta1/projects/legends-public/adminSdkConfig {"projectId":"legends-public","storageBucket":"legends-public.appspot.com"}
[debug] [2022-12-31T15:33:59.926Z] Ignoring unsupported arg: auto_download {"metadata":{"emulator":{"name":"ui"},"message":"Ignoring unsupported arg: auto_download"}}
[debug] [2022-12-31T15:33:59.926Z] Ignoring unsupported arg: port {"metadata":{"emulator":{"name":"ui"},"message":"Ignoring unsupported arg: port"}}
[debug] [2022-12-31T15:33:59.926Z] Starting Emulator UI with command {"binary":"node","args":["/Users/johncompas/.cache/firebase/emulators/ui-v1.11.1/server/server.js"],"optionalArgs":[],"joinArgs":false} {"metadata":{"emulator":{"name":"ui"},"message":"Starting Emulator UI with command {\"binary\":\"node\",\"args\":[\"/Users/johncompas/.cache/firebase/emulators/ui-v1.11.1/server/server.js\"],\"optionalArgs\":[],\"joinArgs\":false}"}}
[info] i  ui: Emulator UI logging to ui-debug.log {"metadata":{"emulator":{"name":"ui"},"message":"Emulator UI logging to \u001b[1mui-debug.log\u001b[22m"}}
[debug] [2022-12-31T15:33:59.990Z] Web / API server started at 127.0.0.1:4000
 {"metadata":{"emulator":{"name":"ui"},"message":"Web / API server started at 127.0.0.1:4000\n"}}
[debug] [2022-12-31T15:33:59.990Z] Web / API server started at ::1:4000
 {"metadata":{"emulator":{"name":"ui"},"message":"Web / API server started at ::1:4000\n"}}
[info] i  functions: Watching "/Users/johncompas/code/frontend/packages/functions" for Cloud Functions... {"metadata":{"emulator":{"name":"functions"},"message":"Watching \"/Users/johncompas/code/frontend/packages/functions\" for Cloud Functions..."}}
[debug] [2022-12-31T15:34:00.187Z] Validating nodejs source
[warn] ⚠  functions: package.json indicates an outdated version of firebase-functions. Please upgrade using npm install --save firebase-functions@latest in your functions directory. 
[warn] ⚠  functions: Please note that there will be breaking changes when you upgrade. 
[debug] [2022-12-31T15:34:00.721Z] > [functions] package.json contents: {
  "name": "@p/functions",
  "version": "1.0.0",
  "main": "lib/src/index.js",
  "license": "MIT",
  "scripts": {
    "dev": "yarn build:watch & firebase emulators:start",
    "build": "tsc",
    "build:watch": "tsc --watch"
  },
  "dependencies": {
    "firebase-tools": "^11.19.0",
    "firebase-admin": "^10.2.0",
    "firebase-functions": "^3.21.0"
  },
  "devDependencies": {
    "typescript": "^4.6.4"
  }
}
[debug] [2022-12-31T15:34:00.721Z] Building nodejs source
[debug] [2022-12-31T15:34:00.722Z] Could not find functions.yaml. Must use http discovery
[debug] [2022-12-31T15:34:00.805Z] Serving at port 9006

[debug] [2022-12-31T15:34:00.854Z] Got response from /__/functions.yaml {"endpoints":{"beforeCreateUser":{"platform":"gcfv1","labels":{},"blockingTrigger":{"eventType":"providers/cloud.auth/eventTypes/user.beforeCreate","options":{"accessToken":false,"idToken":false,"refreshToken":false}},"entryPoint":"beforeCreateUser"},"fakeApiEndpoint":{"platform":"gcfv1","httpsTrigger":{},"entryPoint":"fakeApiEndpoint"}},"specVersion":"v1alpha1","requiredAPIs":[{"api":"identitytoolkit.googleapis.com","reason":"Needed for auth blocking functions"}]}
[debug] [2022-12-31T15:34:00.860Z] shutdown requested via /__/quitquitquit

[info] ✔  functions: Loaded functions definitions from source: beforeCreateUser, fakeApiEndpoint. {"metadata":{"emulator":{"name":"functions"},"message":"Loaded functions definitions from source: beforeCreateUser, fakeApiEndpoint."}}
[debug] [2022-12-31T15:34:00.863Z] addBlockingTrigger {"blockingTrigger":{"eventType":"providers/cloud.auth/eventTypes/user.beforeCreate","options":{"accessToken":false,"idToken":false,"refreshToken":false}}}
[info] ✔  functions[us-central1-beforeCreateUser]: providers/cloud.auth/eventTypes/user.beforeCreate function initialized (http://127.0.0.1:5001/legends-public/us-central1/beforeCreateUser). {"metadata":{"emulator":{"name":"functions"},"message":"\u001b[1mproviders/cloud.auth/eventTypes/user.beforeCreate\u001b[22m function initialized (http://127.0.0.1:5001/legends-public/us-central1/beforeCreateUser)."}}
[info] ✔  functions[us-central1-fakeApiEndpoint]: http function initialized (http://127.0.0.1:5001/legends-public/us-central1/fakeApiEndpoint). {"metadata":{"emulator":{"name":"functions"},"message":"\u001b[1mhttp\u001b[22m function initialized (http://127.0.0.1:5001/legends-public/us-central1/fakeApiEndpoint)."}}
[debug] [2022-12-31T15:34:00.864Z] >>> [apiv2][query] PATCH http://127.0.0.1:9099/identitytoolkit.googleapis.com/v2/projects/legends-public/config?updateMask=blockingFunctions [none]
[debug] [2022-12-31T15:34:00.864Z] >>> [apiv2][body] PATCH http://127.0.0.1:9099/identitytoolkit.googleapis.com/v2/projects/legends-public/config?updateMask=blockingFunctions {"blockingFunctions":{"triggers":{"beforeCreate":{"functionUri":"http://127.0.0.1:5001/legends-public/us-central1/beforeCreateUser"}},"forwardInboundCredentials":{"accessToken":false,"idToken":false,"refreshToken":false}}}
[debug] [2022-12-31T15:34:00.876Z] <<< [apiv2][status] PATCH http://127.0.0.1:9099/identitytoolkit.googleapis.com/v2/projects/legends-public/config?updateMask=blockingFunctions 200
[debug] [2022-12-31T15:34:00.876Z] <<< [apiv2][body] PATCH http://127.0.0.1:9099/identitytoolkit.googleapis.com/v2/projects/legends-public/config?updateMask=blockingFunctions {"signIn":{"allowDuplicateEmails":false},"blockingFunctions":{"triggers":{"beforeCreate":{"functionUri":"http://127.0.0.1:5001/legends-public/us-central1/beforeCreateUser"}},"forwardInboundCredentials":{"accessToken":false,"idToken":false,"refreshToken":false}}}
[info] 
┌─────────────────────────────────────────────────────────────┐
│ ✔  All emulators ready! It is now safe to connect your app. │
│ i  View Emulator UI at http://127.0.0.1:4000/               │
└─────────────────────────────────────────────────────────────┘

┌────────────────┬────────────────┬─────────────────────────────────┐
│ Emulator       │ Host:Port      │ View in Emulator UI             │
├────────────────┼────────────────┼─────────────────────────────────┤
│ Authentication │ 127.0.0.1:9099 │ http://127.0.0.1:4000/auth      │
├────────────────┼────────────────┼─────────────────────────────────┤
│ Functions      │ 127.0.0.1:5001 │ http://127.0.0.1:4000/functions │
└────────────────┴────────────────┴─────────────────────────────────┘
  Emulator Hub running at 127.0.0.1:4400
  Other reserved ports: 4500

Issues? Report them at https://github.com/firebase/firebase-tools/issues and attach the *-debug.log files.
 
[debug] [2022-12-31T15:41:02.415Z] [work-queue] {"queuedWork":["/legends-public/us-central1/beforeCreateUser-2022-12-31T15:41:02.415Z"],"queueLength":1,"runningWork":[],"workRunningCount":0}
[debug] [2022-12-31T15:41:02.416Z] [work-queue] {"queuedWork":[],"queueLength":0,"runningWork":["/legends-public/us-central1/beforeCreateUser-2022-12-31T15:41:02.415Z"],"workRunningCount":1}
[debug] [2022-12-31T15:41:02.417Z] Accepted request POST /legends-public/us-central1/beforeCreateUser --> us-central1-beforeCreateUser
[debug] [2022-12-31T15:41:02.418Z] [functions] Runtime ready! Sending request! {"metadata":{"emulator":{"name":"functions"},"message":"[functions] Runtime ready! Sending request!"}}
[debug] [2022-12-31T15:41:02.419Z] [functions] Got req.url=/legends-public/us-central1/beforeCreateUser, mapping to path=/ {"metadata":{"emulator":{"name":"functions"},"message":"[functions] Got req.url=/legends-public/us-central1/beforeCreateUser, mapping to path=/"}}
[debug] [2022-12-31T15:41:02.432Z] [worker-pool] addWorker(us-central1-beforeCreateUser) {"metadata":{"emulator":{"name":"functions"},"message":"[worker-pool] addWorker(us-central1-beforeCreateUser)"}}
[debug] [2022-12-31T15:41:02.432Z] [worker-pool] Adding worker with key us-central1-beforeCreateUser, total=1 {"metadata":{"emulator":{"name":"functions"},"message":"[worker-pool] Adding worker with key us-central1-beforeCreateUser, total=1"}}
[debug] [2022-12-31T15:41:02.912Z] [runtime-status] [74201] Resolved module firebase-admin {"declared":true,"installed":true,"version":"10.3.0","resolution":"/Users/johncompas/code/frontend/node_modules/firebase-admin/lib/index.js"} {"metadata":{"emulator":{"name":"functions"},"function":{"name":"us-central1-beforeCreateUser"},"extension":{},"message":"[runtime-status] [74201] Resolved module firebase-admin {\"declared\":true,\"installed\":true,\"version\":\"10.3.0\",\"resolution\":\"/Users/johncompas/code/frontend/node_modules/firebase-admin/lib/index.js\"}"}}
[debug] [2022-12-31T15:41:02.912Z] [runtime-status] [74201] Resolved module firebase-functions {"declared":true,"installed":true,"version":"3.24.1","resolution":"/Users/johncompas/code/frontend/node_modules/firebase-functions/lib/index.js"} {"metadata":{"emulator":{"name":"functions"},"function":{"name":"us-central1-beforeCreateUser"},"extension":{},"message":"[runtime-status] [74201] Resolved module firebase-functions {\"declared\":true,\"installed\":true,\"version\":\"3.24.1\",\"resolution\":\"/Users/johncompas/code/frontend/node_modules/firebase-functions/lib/index.js\"}"}}
[debug] [2022-12-31T15:41:02.912Z] [runtime-status] [74201] Outgoing network have been stubbed. [{"name":"http","status":"mocked"},{"name":"http","status":"mocked"},{"name":"https","status":"mocked"},{"name":"https","status":"mocked"},{"name":"net","status":"mocked"}] {"metadata":{"emulator":{"name":"functions"},"function":{"name":"us-central1-beforeCreateUser"},"extension":{},"message":"[runtime-status] [74201] Outgoing network have been stubbed. [{\"name\":\"http\",\"status\":\"mocked\"},{\"name\":\"http\",\"status\":\"mocked\"},{\"name\":\"https\",\"status\":\"mocked\"},{\"name\":\"https\",\"status\":\"mocked\"},{\"name\":\"net\",\"status\":\"mocked\"}]"}}
[debug] [2022-12-31T15:41:02.912Z] [runtime-status] [74201] Resolved module firebase-functions {"declared":true,"installed":true,"version":"3.24.1","resolution":"/Users/johncompas/code/frontend/node_modules/firebase-functions/lib/index.js"} {"metadata":{"emulator":{"name":"functions"},"function":{"name":"us-central1-beforeCreateUser"},"extension":{},"message":"[runtime-status] [74201] Resolved module firebase-functions {\"declared\":true,\"installed\":true,\"version\":\"3.24.1\",\"resolution\":\"/Users/johncompas/code/frontend/node_modules/firebase-functions/lib/index.js\"}"}}
[debug] [2022-12-31T15:41:02.923Z] [runtime-status] [74201] Checked functions.config() {"config":{}} {"metadata":{"emulator":{"name":"functions"},"function":{"name":"us-central1-beforeCreateUser"},"extension":{},"message":"[runtime-status] [74201] Checked functions.config() {\"config\":{}}"}}
[debug] [2022-12-31T15:41:02.924Z] [runtime-status] [74201] firebase-functions has been stubbed. {"functionsResolution":{"declared":true,"installed":true,"version":"3.24.1","resolution":"/Users/johncompas/code/frontend/node_modules/firebase-functions/lib/index.js"}} {"metadata":{"emulator":{"name":"functions"},"function":{"name":"us-central1-beforeCreateUser"},"extension":{},"message":"[runtime-status] [74201] firebase-functions has been stubbed. {\"functionsResolution\":{\"declared\":true,\"installed\":true,\"version\":\"3.24.1\",\"resolution\":\"/Users/johncompas/code/frontend/node_modules/firebase-functions/lib/index.js\"}}"}}
[debug] [2022-12-31T15:41:02.924Z] [runtime-status] [74201] Resolved module firebase-functions {"declared":true,"installed":true,"version":"3.24.1","resolution":"/Users/johncompas/code/frontend/node_modules/firebase-functions/lib/index.js"} {"metadata":{"emulator":{"name":"functions"},"function":{"name":"us-central1-beforeCreateUser"},"extension":{},"message":"[runtime-status] [74201] Resolved module firebase-functions {\"declared\":true,\"installed\":true,\"version\":\"3.24.1\",\"resolution\":\"/Users/johncompas/code/frontend/node_modules/firebase-functions/lib/index.js\"}"}}
[debug] [2022-12-31T15:41:02.924Z] [runtime-status] [74201] Resolved module firebase-admin {"declared":true,"installed":true,"version":"10.3.0","resolution":"/Users/johncompas/code/frontend/node_modules/firebase-admin/lib/index.js"} {"metadata":{"emulator":{"name":"functions"},"function":{"name":"us-central1-beforeCreateUser"},"extension":{},"message":"[runtime-status] [74201] Resolved module firebase-admin {\"declared\":true,\"installed\":true,\"version\":\"10.3.0\",\"resolution\":\"/Users/johncompas/code/frontend/node_modules/firebase-admin/lib/index.js\"}"}}
[debug] [2022-12-31T15:41:02.924Z] [runtime-status] [74201] Resolved module firebase-functions {"declared":true,"installed":true,"version":"3.24.1","resolution":"/Users/johncompas/code/frontend/node_modules/firebase-functions/lib/index.js"} {"metadata":{"emulator":{"name":"functions"},"function":{"name":"us-central1-beforeCreateUser"},"extension":{},"message":"[runtime-status] [74201] Resolved module firebase-functions {\"declared\":true,\"installed\":true,\"version\":\"3.24.1\",\"resolution\":\"/Users/johncompas/code/frontend/node_modules/firebase-functions/lib/index.js\"}"}}
[debug] [2022-12-31T15:41:02.924Z] [runtime-status] [74201] firebase-admin has been stubbed. {"adminResolution":{"declared":true,"installed":true,"version":"10.3.0","resolution":"/Users/johncompas/code/frontend/node_modules/firebase-admin/lib/index.js"}} {"metadata":{"emulator":{"name":"functions"},"function":{"name":"us-central1-beforeCreateUser"},"extension":{},"message":"[runtime-status] [74201] firebase-admin has been stubbed. {\"adminResolution\":{\"declared\":true,\"installed\":true,\"version\":\"10.3.0\",\"resolution\":\"/Users/johncompas/code/frontend/node_modules/firebase-admin/lib/index.js\"}}"}}
[debug] [2022-12-31T15:41:02.951Z] [runtime-status] [74201] Functions runtime initialized. {"cwd":"/Users/johncompas/code/frontend/packages/functions","node_version":"16.16.0"} {"metadata":{"emulator":{"name":"functions"},"function":{"name":"us-central1-beforeCreateUser"},"extension":{},"message":"[runtime-status] [74201] Functions runtime initialized. {\"cwd\":\"/Users/johncompas/code/frontend/packages/functions\",\"node_version\":\"16.16.0\"}"}}
[debug] [2022-12-31T15:41:02.951Z] [runtime-status] [74201] Listening to port: /var/folders/lg/d0vpfb3s5877cvsjqsvfcybw0000gn/T/fire_emu_26446cd453abf05e.sock {"metadata":{"emulator":{"name":"functions"},"function":{"name":"us-central1-beforeCreateUser"},"extension":{},"message":"[runtime-status] [74201] Listening to port: /var/folders/lg/d0vpfb3s5877cvsjqsvfcybw0000gn/T/fire_emu_26446cd453abf05e.sock"}}
[debug] [2022-12-31T15:41:03.044Z] [worker-us-central1-beforeCreateUser-1838584c-7e09-4e67-8f9a-2992c43e2f91]: IDLE {"metadata":{"emulator":{"name":"functions"},"message":"[worker-us-central1-beforeCreateUser-1838584c-7e09-4e67-8f9a-2992c43e2f91]: IDLE"}}
[debug] [2022-12-31T15:41:03.045Z] [worker-pool] submitRequest(triggerId=us-central1-beforeCreateUser) {"metadata":{"emulator":{"name":"functions"},"message":"[worker-pool] submitRequest(triggerId=us-central1-beforeCreateUser)"}}
[debug] [2022-12-31T15:41:03.045Z] [worker-us-central1-beforeCreateUser-1838584c-7e09-4e67-8f9a-2992c43e2f91]: BUSY {"metadata":{"emulator":{"name":"functions"},"message":"[worker-us-central1-beforeCreateUser-1838584c-7e09-4e67-8f9a-2992c43e2f91]: BUSY"}}
[info] i  functions: Beginning execution of "beforeCreateUser" {"metadata":{"emulator":{"name":"functions"},"function":{"name":"us-central1-beforeCreateUser"},"extension":{},"message":"Beginning execution of \"beforeCreateUser\""}}
[info] >  { {"user":"{","metadata":{"emulator":{"name":"functions"},"function":{"name":"us-central1-beforeCreateUser"},"extension":{},"message":"\u001b[90m> \u001b[39m {"}}
[info] >    user: { {"user":"  user: {","metadata":{"emulator":{"name":"functions"},"function":{"name":"us-central1-beforeCreateUser"},"extension":{},"message":"\u001b[90m> \u001b[39m   user: {"}}
[info] >      uid: '0FeZhE8h6y1zWyQQNKfix7dBdEp7', {"user":"    uid: '0FeZhE8h6y1zWyQQNKfix7dBdEp7',","metadata":{"emulator":{"name":"functions"},"function":{"name":"us-central1-beforeCreateUser"},"extension":{},"message":"\u001b[90m> \u001b[39m     uid: '0FeZhE8h6y1zWyQQNKfix7dBdEp7',"}}
[info] >      email: 'orange.olive.355@example.com', {"user":"    email: 'orange.olive.355@example.com',","metadata":{"emulator":{"name":"functions"},"function":{"name":"us-central1-beforeCreateUser"},"extension":{},"message":"\u001b[90m> \u001b[39m     email: 'orange.olive.355@example.com',"}}
[info] >      emailVerified: true, {"user":"    emailVerified: true,","metadata":{"emulator":{"name":"functions"},"function":{"name":"us-central1-beforeCreateUser"},"extension":{},"message":"\u001b[90m> \u001b[39m     emailVerified: true,"}}
[info] >      displayName: 'Orange Olive', {"user":"    displayName: 'Orange Olive',","metadata":{"emulator":{"name":"functions"},"function":{"name":"us-central1-beforeCreateUser"},"extension":{},"message":"\u001b[90m> \u001b[39m     displayName: 'Orange Olive',"}}
[info] >      photoURL: undefined, {"user":"    photoURL: undefined,","metadata":{"emulator":{"name":"functions"},"function":{"name":"us-central1-beforeCreateUser"},"extension":{},"message":"\u001b[90m> \u001b[39m     photoURL: undefined,"}}
[info] >      phoneNumber: undefined, {"user":"    phoneNumber: undefined,","metadata":{"emulator":{"name":"functions"},"function":{"name":"us-central1-beforeCreateUser"},"extension":{},"message":"\u001b[90m> \u001b[39m     phoneNumber: undefined,"}}
[info] >      disabled: false, {"user":"    disabled: false,","metadata":{"emulator":{"name":"functions"},"function":{"name":"us-central1-beforeCreateUser"},"extension":{},"message":"\u001b[90m> \u001b[39m     disabled: false,"}}
[info] >      metadata: { {"user":"    metadata: {","metadata":{"emulator":{"name":"functions"},"function":{"name":"us-central1-beforeCreateUser"},"extension":{},"message":"\u001b[90m> \u001b[39m     metadata: {"}}
[info] >        creationTime: 'Thu, 15 Jun 54969 12:00:09 GMT', {"user":"      creationTime: 'Thu, 15 Jun 54969 12:00:09 GMT',","metadata":{"emulator":{"name":"functions"},"function":{"name":"us-central1-beforeCreateUser"},"extension":{},"message":"\u001b[90m> \u001b[39m       creationTime: 'Thu, 15 Jun 54969 12:00:09 GMT',"}}
[info] >        lastSignInTime: 'Thu, 15 Jun 54969 12:00:09 GMT' {"user":"      lastSignInTime: 'Thu, 15 Jun 54969 12:00:09 GMT'","metadata":{"emulator":{"name":"functions"},"function":{"name":"us-central1-beforeCreateUser"},"extension":{},"message":"\u001b[90m> \u001b[39m       lastSignInTime: 'Thu, 15 Jun 54969 12:00:09 GMT'"}}
[info] >      }, {"user":"    },","metadata":{"emulator":{"name":"functions"},"function":{"name":"us-central1-beforeCreateUser"},"extension":{},"message":"\u001b[90m> \u001b[39m     },"}}
[info] >      providerData: [ [Object] ], {"user":"    providerData: [ [Object] ],","metadata":{"emulator":{"name":"functions"},"function":{"name":"us-central1-beforeCreateUser"},"extension":{},"message":"\u001b[90m> \u001b[39m     providerData: [ [Object] ],"}}
[info] >      passwordHash: undefined, {"user":"    passwordHash: undefined,","metadata":{"emulator":{"name":"functions"},"function":{"name":"us-central1-beforeCreateUser"},"extension":{},"message":"\u001b[90m> \u001b[39m     passwordHash: undefined,"}}
[info] >      passwordSalt: undefined, {"user":"    passwordSalt: undefined,","metadata":{"emulator":{"name":"functions"},"function":{"name":"us-central1-beforeCreateUser"},"extension":{},"message":"\u001b[90m> \u001b[39m     passwordSalt: undefined,"}}
[info] >      customClaims: undefined, {"user":"    customClaims: undefined,","metadata":{"emulator":{"name":"functions"},"function":{"name":"us-central1-beforeCreateUser"},"extension":{},"message":"\u001b[90m> \u001b[39m     customClaims: undefined,"}}
[info] >      tenantId: undefined, {"user":"    tenantId: undefined,","metadata":{"emulator":{"name":"functions"},"function":{"name":"us-central1-beforeCreateUser"},"extension":{},"message":"\u001b[90m> \u001b[39m     tenantId: undefined,"}}
[info] >      tokensValidAfterTime: null, {"user":"    tokensValidAfterTime: null,","metadata":{"emulator":{"name":"functions"},"function":{"name":"us-central1-beforeCreateUser"},"extension":{},"message":"\u001b[90m> \u001b[39m     tokensValidAfterTime: null,"}}
[info] >      multiFactor: null {"user":"    multiFactor: null","metadata":{"emulator":{"name":"functions"},"function":{"name":"us-central1-beforeCreateUser"},"extension":{},"message":"\u001b[90m> \u001b[39m     multiFactor: null"}}
[info] >    }, {"user":"  },","metadata":{"emulator":{"name":"functions"},"function":{"name":"us-central1-beforeCreateUser"},"extension":{},"message":"\u001b[90m> \u001b[39m   },"}}
[info] >    context: { {"user":"  context: {","metadata":{"emulator":{"name":"functions"},"function":{"name":"us-central1-beforeCreateUser"},"extension":{},"message":"\u001b[90m> \u001b[39m   context: {"}}
[info] >      locale: 'en', {"user":"    locale: 'en',","metadata":{"emulator":{"name":"functions"},"function":{"name":"us-central1-beforeCreateUser"},"extension":{},"message":"\u001b[90m> \u001b[39m     locale: 'en',"}}
[info] >      ipAddress: '127.0.0.1', {"user":"    ipAddress: '127.0.0.1',","metadata":{"emulator":{"name":"functions"},"function":{"name":"us-central1-beforeCreateUser"},"extension":{},"message":"\u001b[90m> \u001b[39m     ipAddress: '127.0.0.1',"}}
[info] >      userAgent: 'NotYetSupportedInFirebaseAuthEmulator', {"user":"    userAgent: 'NotYetSupportedInFirebaseAuthEmulator',","metadata":{"emulator":{"name":"functions"},"function":{"name":"us-central1-beforeCreateUser"},"extension":{},"message":"\u001b[90m> \u001b[39m     userAgent: 'NotYetSupportedInFirebaseAuthEmulator',"}}
[info] >      eventId: 'h8QFEaSfGOPgsIFm', {"user":"    eventId: 'h8QFEaSfGOPgsIFm',","metadata":{"emulator":{"name":"functions"},"function":{"name":"us-central1-beforeCreateUser"},"extension":{},"message":"\u001b[90m> \u001b[39m     eventId: 'h8QFEaSfGOPgsIFm',"}}
[info] >      eventType: 'providers/cloud.auth/eventTypes/user.beforeCreate:google.com', {"user":"    eventType: 'providers/cloud.auth/eventTypes/user.beforeCreate:google.com',","metadata":{"emulator":{"name":"functions"},"function":{"name":"us-central1-beforeCreateUser"},"extension":{},"message":"\u001b[90m> \u001b[39m     eventType: 'providers/cloud.auth/eventTypes/user.beforeCreate:google.com',"}}
[info] >      authType: 'USER', {"user":"    authType: 'USER',","metadata":{"emulator":{"name":"functions"},"function":{"name":"us-central1-beforeCreateUser"},"extension":{},"message":"\u001b[90m> \u001b[39m     authType: 'USER',"}}
[info] >      resource: { {"user":"    resource: {","metadata":{"emulator":{"name":"functions"},"function":{"name":"us-central1-beforeCreateUser"},"extension":{},"message":"\u001b[90m> \u001b[39m     resource: {"}}
[info] >        service: 'identitytoolkit.googleapis.com', {"user":"      service: 'identitytoolkit.googleapis.com',","metadata":{"emulator":{"name":"functions"},"function":{"name":"us-central1-beforeCreateUser"},"extension":{},"message":"\u001b[90m> \u001b[39m       service: 'identitytoolkit.googleapis.com',"}}
[info] >        name: 'projects/legends-public' {"user":"      name: 'projects/legends-public'","metadata":{"emulator":{"name":"functions"},"function":{"name":"us-central1-beforeCreateUser"},"extension":{},"message":"\u001b[90m> \u001b[39m       name: 'projects/legends-public'"}}
[info] >      }, {"user":"    },","metadata":{"emulator":{"name":"functions"},"function":{"name":"us-central1-beforeCreateUser"},"extension":{},"message":"\u001b[90m> \u001b[39m     },"}}
[info] >      timestamp: 'Sat, 31 Dec 2022 15:41:02 GMT', {"user":"    timestamp: 'Sat, 31 Dec 2022 15:41:02 GMT',","metadata":{"emulator":{"name":"functions"},"function":{"name":"us-central1-beforeCreateUser"},"extension":{},"message":"\u001b[90m> \u001b[39m     timestamp: 'Sat, 31 Dec 2022 15:41:02 GMT',"}}
[info] >      additionalUserInfo: { {"user":"    additionalUserInfo: {","metadata":{"emulator":{"name":"functions"},"function":{"name":"us-central1-beforeCreateUser"},"extension":{},"message":"\u001b[90m> \u001b[39m     additionalUserInfo: {"}}
[info] >        providerId: 'google.com', {"user":"      providerId: 'google.com',","metadata":{"emulator":{"name":"functions"},"function":{"name":"us-central1-beforeCreateUser"},"extension":{},"message":"\u001b[90m> \u001b[39m       providerId: 'google.com',"}}
[info] >        profile: [Object], {"user":"      profile: [Object],","metadata":{"emulator":{"name":"functions"},"function":{"name":"us-central1-beforeCreateUser"},"extension":{},"message":"\u001b[90m> \u001b[39m       profile: [Object],"}}
[info] >        username: undefined, {"user":"      username: undefined,","metadata":{"emulator":{"name":"functions"},"function":{"name":"us-central1-beforeCreateUser"},"extension":{},"message":"\u001b[90m> \u001b[39m       username: undefined,"}}
[info] >        isNewUser: true {"user":"      isNewUser: true","metadata":{"emulator":{"name":"functions"},"function":{"name":"us-central1-beforeCreateUser"},"extension":{},"message":"\u001b[90m> \u001b[39m       isNewUser: true"}}
[info] >      }, {"user":"    },","metadata":{"emulator":{"name":"functions"},"function":{"name":"us-central1-beforeCreateUser"},"extension":{},"message":"\u001b[90m> \u001b[39m     },"}}
[info] >      credential: null, {"user":"    credential: null,","metadata":{"emulator":{"name":"functions"},"function":{"name":"us-central1-beforeCreateUser"},"extension":{},"message":"\u001b[90m> \u001b[39m     credential: null,"}}
[info] >      params: {} {"user":"    params: {}","metadata":{"emulator":{"name":"functions"},"function":{"name":"us-central1-beforeCreateUser"},"extension":{},"message":"\u001b[90m> \u001b[39m     params: {}"}}
[info] >    } {"user":"  }","metadata":{"emulator":{"name":"functions"},"function":{"name":"us-central1-beforeCreateUser"},"extension":{},"message":"\u001b[90m> \u001b[39m   }"}}
[info] >  } {"user":"}","metadata":{"emulator":{"name":"functions"},"function":{"name":"us-central1-beforeCreateUser"},"extension":{},"message":"\u001b[90m> \u001b[39m }"}}
[debug] [2022-12-31T15:41:03.112Z] [worker-us-central1-beforeCreateUser-1838584c-7e09-4e67-8f9a-2992c43e2f91]: IDLE {"metadata":{"emulator":{"name":"functions"},"message":"[worker-us-central1-beforeCreateUser-1838584c-7e09-4e67-8f9a-2992c43e2f91]: IDLE"}}
[debug] [2022-12-31T15:41:03.112Z] [work-queue] {"queuedWork":[],"queueLength":0,"runningWork":[],"workRunningCount":0}
[info] i  functions: Finished "beforeCreateUser" in 60.5985ms {"metadata":{"emulator":{"name":"functions"},"function":{"name":"us-central1-beforeCreateUser"},"extension":{},"message":"Finished \"beforeCreateUser\" in 60.5985ms"}}
[debug] [2022-12-31T15:41:03.113Z] >>> [apiv2][query] POST http://127.0.0.1:5001/functions/projects/legends-public/trigger_multicast [none]
[debug] [2022-12-31T15:41:03.113Z] >>> [apiv2][body] POST http://127.0.0.1:5001/functions/projects/legends-public/trigger_multicast {"eventId":"aef32ae3-b2f5-4400-a4dc-1c8845900a70","eventType":"providers/firebase.auth/eventTypes/user.create","resource":{"name":"projects/legends-public","service":"firebaseauth.googleapis.com"},"params":{},"timestamp":"2022-12-31T15:41:03.113Z","data":{"uid":"0FeZhE8h6y1zWyQQNKfix7dBdEp7","email":"orange.olive.355@example.com","emailVerified":true,"displayName":"Orange Olive","metadata":{"creationTime":"2022-12-31T15:41:02.409Z","lastSignInTime":"2022-12-31T15:41:02.409Z"},"customClaims":{"https://hasura.io/jwt/claims":{"x-hasura-default-role":"user","x-hasura-allowed-roles":["user"],"x-hasura-user-id":"0FeZhE8h6y1zWyQQNKfix7dBdEp7"}},"providerData":[{"providerId":"google.com","rawId":"1746865392287692129879550267713201874952","federatedId":"1746865392287692129879550267713201874952","displayName":"Orange Olive","email":"orange.olive.355@example.com","screenName":"olive_orange"}]}}
[debug] [2022-12-31T15:41:03.116Z] <<< [apiv2][status] POST http://127.0.0.1:5001/functions/projects/legends-public/trigger_multicast 200
[debug] [2022-12-31T15:41:03.116Z] <<< [apiv2][body] POST http://127.0.0.1:5001/functions/projects/legends-public/trigger_multicast {"status":"multicast_acknowledged"}
[debug] [2022-12-31T15:49:20.730Z] File /Users/johncompas/code/frontend/packages/functions/src/index.ts changed, reloading triggers {"metadata":{"emulator":{"name":"functions"},"message":"File /Users/johncompas/code/frontend/packages/functions/src/index.ts changed, reloading triggers"}}
[debug] [2022-12-31T15:49:20.919Z] File /Users/johncompas/code/frontend/packages/functions/lib/src/index.js.map changed, reloading triggers {"metadata":{"emulator":{"name":"functions"},"message":"File /Users/johncompas/code/frontend/packages/functions/lib/src/index.js.map changed, reloading triggers"}}
[debug] [2022-12-31T15:49:20.919Z] File /Users/johncompas/code/frontend/packages/functions/lib/src/index.js changed, reloading triggers {"metadata":{"emulator":{"name":"functions"},"message":"File /Users/johncompas/code/frontend/packages/functions/lib/src/index.js changed, reloading triggers"}}
[debug] [2022-12-31T15:49:21.921Z] Validating nodejs source
[warn] ⚠  functions: package.json indicates an outdated version of firebase-functions. Please upgrade using npm install --save firebase-functions@latest in your functions directory. 
[warn] ⚠  functions: Please note that there will be breaking changes when you upgrade. 
[debug] [2022-12-31T15:49:22.637Z] > [functions] package.json contents: {
  "name": "@p/functions",
  "version": "1.0.0",
  "main": "lib/src/index.js",
  "license": "MIT",
  "scripts": {
    "dev": "yarn build:watch & firebase emulators:start",
    "build": "tsc",
    "build:watch": "tsc --watch"
  },
  "dependencies": {
    "firebase-tools": "^11.19.0",
    "firebase-admin": "^10.2.0",
    "firebase-functions": "^3.21.0"
  },
  "devDependencies": {
    "typescript": "^4.6.4"
  }
}
[debug] [2022-12-31T15:49:22.637Z] Building nodejs source
[debug] [2022-12-31T15:49:22.637Z] Could not find functions.yaml. Must use http discovery
[debug] [2022-12-31T15:49:22.746Z] Serving at port 9006

[debug] [2022-12-31T15:49:22.799Z] Got response from /__/functions.yaml {"endpoints":{"beforeCreateUser":{"platform":"gcfv1","labels":{},"blockingTrigger":{"eventType":"providers/cloud.auth/eventTypes/user.beforeCreate","options":{"accessToken":false,"idToken":false,"refreshToken":false}},"entryPoint":"beforeCreateUser"},"fakeApiEndpoint":{"platform":"gcfv1","httpsTrigger":{},"entryPoint":"fakeApiEndpoint"}},"specVersion":"v1alpha1","requiredAPIs":[{"api":"identitytoolkit.googleapis.com","reason":"Needed for auth blocking functions"}]}
[debug] [2022-12-31T15:49:22.801Z] shutdown requested via /__/quitquitquit

[info] ✔  functions: Loaded functions definitions from source: beforeCreateUser, fakeApiEndpoint. {"metadata":{"emulator":{"name":"functions"},"message":"Loaded functions definitions from source: beforeCreateUser, fakeApiEndpoint."}}
[debug] [2022-12-31T15:49:22.806Z] [worker-pool] Shutting down IDLE worker (us-central1-beforeCreateUser) {"metadata":{"emulator":{"name":"functions"},"message":"[worker-pool] Shutting down IDLE worker (us-central1-beforeCreateUser)"}}
[debug] [2022-12-31T15:49:22.806Z] [worker-us-central1-beforeCreateUser-1838584c-7e09-4e67-8f9a-2992c43e2f91]: FINISHING {"metadata":{"emulator":{"name":"functions"},"message":"[worker-us-central1-beforeCreateUser-1838584c-7e09-4e67-8f9a-2992c43e2f91]: FINISHING"}}
[debug] [2022-12-31T15:49:22.809Z] [worker-us-central1-beforeCreateUser-1838584c-7e09-4e67-8f9a-2992c43e2f91]: exited {"metadata":{"emulator":{"name":"functions"},"message":"[worker-us-central1-beforeCreateUser-1838584c-7e09-4e67-8f9a-2992c43e2f91]: exited"}}
[debug] [2022-12-31T15:49:22.809Z] [worker-us-central1-beforeCreateUser-1838584c-7e09-4e67-8f9a-2992c43e2f91]: FINISHED {"metadata":{"emulator":{"name":"functions"},"message":"[worker-us-central1-beforeCreateUser-1838584c-7e09-4e67-8f9a-2992c43e2f91]: FINISHED"}}
[debug] [2022-12-31T15:49:54.471Z] [work-queue] {"queuedWork":["/legends-public/us-central1/beforeCreateUser-2022-12-31T15:49:54.471Z"],"queueLength":1,"runningWork":[],"workRunningCount":0}
[debug] [2022-12-31T15:49:54.472Z] [work-queue] {"queuedWork":[],"queueLength":0,"runningWork":["/legends-public/us-central1/beforeCreateUser-2022-12-31T15:49:54.471Z"],"workRunningCount":1}
[debug] [2022-12-31T15:49:54.472Z] Accepted request POST /legends-public/us-central1/beforeCreateUser --> us-central1-beforeCreateUser
[debug] [2022-12-31T15:49:54.474Z] [functions] Runtime ready! Sending request! {"metadata":{"emulator":{"name":"functions"},"message":"[functions] Runtime ready! Sending request!"}}
[debug] [2022-12-31T15:49:54.475Z] [functions] Got req.url=/legends-public/us-central1/beforeCreateUser, mapping to path=/ {"metadata":{"emulator":{"name":"functions"},"message":"[functions] Got req.url=/legends-public/us-central1/beforeCreateUser, mapping to path=/"}}
[debug] [2022-12-31T15:49:54.475Z] [worker-pool] Cleaned up workers for us-central1-beforeCreateUser: 1 --> 0 {"metadata":{"emulator":{"name":"functions"},"message":"[worker-pool] Cleaned up workers for us-central1-beforeCreateUser: 1 --> 0"}}
[debug] [2022-12-31T15:49:54.484Z] [worker-pool] addWorker(us-central1-beforeCreateUser) {"metadata":{"emulator":{"name":"functions"},"message":"[worker-pool] addWorker(us-central1-beforeCreateUser)"}}
[debug] [2022-12-31T15:49:54.485Z] [worker-pool] Adding worker with key us-central1-beforeCreateUser, total=1 {"metadata":{"emulator":{"name":"functions"},"message":"[worker-pool] Adding worker with key us-central1-beforeCreateUser, total=1"}}
[debug] [2022-12-31T15:49:54.971Z] [runtime-status] [75868] Resolved module firebase-admin {"declared":true,"installed":true,"version":"10.3.0","resolution":"/Users/johncompas/code/frontend/node_modules/firebase-admin/lib/index.js"} {"metadata":{"emulator":{"name":"functions"},"function":{"name":"us-central1-beforeCreateUser"},"extension":{},"message":"[runtime-status] [75868] Resolved module firebase-admin {\"declared\":true,\"installed\":true,\"version\":\"10.3.0\",\"resolution\":\"/Users/johncompas/code/frontend/node_modules/firebase-admin/lib/index.js\"}"}}
[debug] [2022-12-31T15:49:54.972Z] [runtime-status] [75868] Resolved module firebase-functions {"declared":true,"installed":true,"version":"3.24.1","resolution":"/Users/johncompas/code/frontend/node_modules/firebase-functions/lib/index.js"} {"metadata":{"emulator":{"name":"functions"},"function":{"name":"us-central1-beforeCreateUser"},"extension":{},"message":"[runtime-status] [75868] Resolved module firebase-functions {\"declared\":true,\"installed\":true,\"version\":\"3.24.1\",\"resolution\":\"/Users/johncompas/code/frontend/node_modules/firebase-functions/lib/index.js\"}"}}
[debug] [2022-12-31T15:49:54.972Z] [runtime-status] [75868] Outgoing network have been stubbed. [{"name":"http","status":"mocked"},{"name":"http","status":"mocked"},{"name":"https","status":"mocked"},{"name":"https","status":"mocked"},{"name":"net","status":"mocked"}] {"metadata":{"emulator":{"name":"functions"},"function":{"name":"us-central1-beforeCreateUser"},"extension":{},"message":"[runtime-status] [75868] Outgoing network have been stubbed. [{\"name\":\"http\",\"status\":\"mocked\"},{\"name\":\"http\",\"status\":\"mocked\"},{\"name\":\"https\",\"status\":\"mocked\"},{\"name\":\"https\",\"status\":\"mocked\"},{\"name\":\"net\",\"status\":\"mocked\"}]"}}
[debug] [2022-12-31T15:49:54.972Z] [runtime-status] [75868] Resolved module firebase-functions {"declared":true,"installed":true,"version":"3.24.1","resolution":"/Users/johncompas/code/frontend/node_modules/firebase-functions/lib/index.js"} {"metadata":{"emulator":{"name":"functions"},"function":{"name":"us-central1-beforeCreateUser"},"extension":{},"message":"[runtime-status] [75868] Resolved module firebase-functions {\"declared\":true,\"installed\":true,\"version\":\"3.24.1\",\"resolution\":\"/Users/johncompas/code/frontend/node_modules/firebase-functions/lib/index.js\"}"}}
[debug] [2022-12-31T15:49:54.984Z] [runtime-status] [75868] Checked functions.config() {"config":{}} {"metadata":{"emulator":{"name":"functions"},"function":{"name":"us-central1-beforeCreateUser"},"extension":{},"message":"[runtime-status] [75868] Checked functions.config() {\"config\":{}}"}}
[debug] [2022-12-31T15:49:54.984Z] [runtime-status] [75868] firebase-functions has been stubbed. {"functionsResolution":{"declared":true,"installed":true,"version":"3.24.1","resolution":"/Users/johncompas/code/frontend/node_modules/firebase-functions/lib/index.js"}} {"metadata":{"emulator":{"name":"functions"},"function":{"name":"us-central1-beforeCreateUser"},"extension":{},"message":"[runtime-status] [75868] firebase-functions has been stubbed. {\"functionsResolution\":{\"declared\":true,\"installed\":true,\"version\":\"3.24.1\",\"resolution\":\"/Users/johncompas/code/frontend/node_modules/firebase-functions/lib/index.js\"}}"}}
[debug] [2022-12-31T15:49:54.984Z] [runtime-status] [75868] Resolved module firebase-functions {"declared":true,"installed":true,"version":"3.24.1","resolution":"/Users/johncompas/code/frontend/node_modules/firebase-functions/lib/index.js"} {"metadata":{"emulator":{"name":"functions"},"function":{"name":"us-central1-beforeCreateUser"},"extension":{},"message":"[runtime-status] [75868] Resolved module firebase-functions {\"declared\":true,\"installed\":true,\"version\":\"3.24.1\",\"resolution\":\"/Users/johncompas/code/frontend/node_modules/firebase-functions/lib/index.js\"}"}}
[debug] [2022-12-31T15:49:54.984Z] [runtime-status] [75868] Resolved module firebase-admin {"declared":true,"installed":true,"version":"10.3.0","resolution":"/Users/johncompas/code/frontend/node_modules/firebase-admin/lib/index.js"} {"metadata":{"emulator":{"name":"functions"},"function":{"name":"us-central1-beforeCreateUser"},"extension":{},"message":"[runtime-status] [75868] Resolved module firebase-admin {\"declared\":true,\"installed\":true,\"version\":\"10.3.0\",\"resolution\":\"/Users/johncompas/code/frontend/node_modules/firebase-admin/lib/index.js\"}"}}
[debug] [2022-12-31T15:49:54.984Z] [runtime-status] [75868] Resolved module firebase-functions {"declared":true,"installed":true,"version":"3.24.1","resolution":"/Users/johncompas/code/frontend/node_modules/firebase-functions/lib/index.js"} {"metadata":{"emulator":{"name":"functions"},"function":{"name":"us-central1-beforeCreateUser"},"extension":{},"message":"[runtime-status] [75868] Resolved module firebase-functions {\"declared\":true,\"installed\":true,\"version\":\"3.24.1\",\"resolution\":\"/Users/johncompas/code/frontend/node_modules/firebase-functions/lib/index.js\"}"}}
[debug] [2022-12-31T15:49:54.984Z] [runtime-status] [75868] firebase-admin has been stubbed. {"adminResolution":{"declared":true,"installed":true,"version":"10.3.0","resolution":"/Users/johncompas/code/frontend/node_modules/firebase-admin/lib/index.js"}} {"metadata":{"emulator":{"name":"functions"},"function":{"name":"us-central1-beforeCreateUser"},"extension":{},"message":"[runtime-status] [75868] firebase-admin has been stubbed. {\"adminResolution\":{\"declared\":true,\"installed\":true,\"version\":\"10.3.0\",\"resolution\":\"/Users/johncompas/code/frontend/node_modules/firebase-admin/lib/index.js\"}}"}}
[debug] [2022-12-31T15:49:55.010Z] [runtime-status] [75868] Functions runtime initialized. {"cwd":"/Users/johncompas/code/frontend/packages/functions","node_version":"16.16.0"} {"metadata":{"emulator":{"name":"functions"},"function":{"name":"us-central1-beforeCreateUser"},"extension":{},"message":"[runtime-status] [75868] Functions runtime initialized. {\"cwd\":\"/Users/johncompas/code/frontend/packages/functions\",\"node_version\":\"16.16.0\"}"}}
[debug] [2022-12-31T15:49:55.010Z] [runtime-status] [75868] Listening to port: /var/folders/lg/d0vpfb3s5877cvsjqsvfcybw0000gn/T/fire_emu_9728d8f17e08f616.sock {"metadata":{"emulator":{"name":"functions"},"function":{"name":"us-central1-beforeCreateUser"},"extension":{},"message":"[runtime-status] [75868] Listening to port: /var/folders/lg/d0vpfb3s5877cvsjqsvfcybw0000gn/T/fire_emu_9728d8f17e08f616.sock"}}
[debug] [2022-12-31T15:49:55.098Z] [worker-us-central1-beforeCreateUser-35f8b04c-7cb4-44ce-b2db-4f2a5041eadf]: IDLE {"metadata":{"emulator":{"name":"functions"},"message":"[worker-us-central1-beforeCreateUser-35f8b04c-7cb4-44ce-b2db-4f2a5041eadf]: IDLE"}}
[debug] [2022-12-31T15:49:55.098Z] [worker-pool] submitRequest(triggerId=us-central1-beforeCreateUser) {"metadata":{"emulator":{"name":"functions"},"message":"[worker-pool] submitRequest(triggerId=us-central1-beforeCreateUser)"}}
[debug] [2022-12-31T15:49:55.098Z] [worker-us-central1-beforeCreateUser-35f8b04c-7cb4-44ce-b2db-4f2a5041eadf]: BUSY {"metadata":{"emulator":{"name":"functions"},"message":"[worker-us-central1-beforeCreateUser-35f8b04c-7cb4-44ce-b2db-4f2a5041eadf]: BUSY"}}
[info] i  functions: Beginning execution of "beforeCreateUser" {"metadata":{"emulator":{"name":"functions"},"function":{"name":"us-central1-beforeCreateUser"},"extension":{},"message":"Beginning execution of \"beforeCreateUser\""}}
[info] >  { {"user":"{","metadata":{"emulator":{"name":"functions"},"function":{"name":"us-central1-beforeCreateUser"},"extension":{},"message":"\u001b[90m> \u001b[39m {"}}
[info] >    user: { {"user":"  user: {","metadata":{"emulator":{"name":"functions"},"function":{"name":"us-central1-beforeCreateUser"},"extension":{},"message":"\u001b[90m> \u001b[39m   user: {"}}
[info] >      uid: 'dfMvRF7z0sxSNDye6gMKPz3oFJ1a', {"user":"    uid: 'dfMvRF7z0sxSNDye6gMKPz3oFJ1a',","metadata":{"emulator":{"name":"functions"},"function":{"name":"us-central1-beforeCreateUser"},"extension":{},"message":"\u001b[90m> \u001b[39m     uid: 'dfMvRF7z0sxSNDye6gMKPz3oFJ1a',"}}
[info] >      email: 'mountain.algae.941@example.com', {"user":"    email: 'mountain.algae.941@example.com',","metadata":{"emulator":{"name":"functions"},"function":{"name":"us-central1-beforeCreateUser"},"extension":{},"message":"\u001b[90m> \u001b[39m     email: 'mountain.algae.941@example.com',"}}
[info] >      emailVerified: true, {"user":"    emailVerified: true,","metadata":{"emulator":{"name":"functions"},"function":{"name":"us-central1-beforeCreateUser"},"extension":{},"message":"\u001b[90m> \u001b[39m     emailVerified: true,"}}
[info] >      displayName: 'Mountain Algae', {"user":"    displayName: 'Mountain Algae',","metadata":{"emulator":{"name":"functions"},"function":{"name":"us-central1-beforeCreateUser"},"extension":{},"message":"\u001b[90m> \u001b[39m     displayName: 'Mountain Algae',"}}
[info] >      photoURL: undefined, {"user":"    photoURL: undefined,","metadata":{"emulator":{"name":"functions"},"function":{"name":"us-central1-beforeCreateUser"},"extension":{},"message":"\u001b[90m> \u001b[39m     photoURL: undefined,"}}
[info] >      phoneNumber: undefined, {"user":"    phoneNumber: undefined,","metadata":{"emulator":{"name":"functions"},"function":{"name":"us-central1-beforeCreateUser"},"extension":{},"message":"\u001b[90m> \u001b[39m     phoneNumber: undefined,"}}
[info] >      disabled: false, {"user":"    disabled: false,","metadata":{"emulator":{"name":"functions"},"function":{"name":"us-central1-beforeCreateUser"},"extension":{},"message":"\u001b[90m> \u001b[39m     disabled: false,"}}
[info] >      metadata: { {"user":"    metadata: {","metadata":{"emulator":{"name":"functions"},"function":{"name":"us-central1-beforeCreateUser"},"extension":{},"message":"\u001b[90m> \u001b[39m     metadata: {"}}
[info] >        creationTime: 'Wed, 21 Jun 54969 15:47:49 GMT', {"user":"      creationTime: 'Wed, 21 Jun 54969 15:47:49 GMT',","metadata":{"emulator":{"name":"functions"},"function":{"name":"us-central1-beforeCreateUser"},"extension":{},"message":"\u001b[90m> \u001b[39m       creationTime: 'Wed, 21 Jun 54969 15:47:49 GMT',"}}
[info] >        lastSignInTime: 'Wed, 21 Jun 54969 15:47:49 GMT' {"user":"      lastSignInTime: 'Wed, 21 Jun 54969 15:47:49 GMT'","metadata":{"emulator":{"name":"functions"},"function":{"name":"us-central1-beforeCreateUser"},"extension":{},"message":"\u001b[90m> \u001b[39m       lastSignInTime: 'Wed, 21 Jun 54969 15:47:49 GMT'"}}
[info] >      }, {"user":"    },","metadata":{"emulator":{"name":"functions"},"function":{"name":"us-central1-beforeCreateUser"},"extension":{},"message":"\u001b[90m> \u001b[39m     },"}}
[info] >      providerData: [ [Object] ], {"user":"    providerData: [ [Object] ],","metadata":{"emulator":{"name":"functions"},"function":{"name":"us-central1-beforeCreateUser"},"extension":{},"message":"\u001b[90m> \u001b[39m     providerData: [ [Object] ],"}}
[info] >      passwordHash: undefined, {"user":"    passwordHash: undefined,","metadata":{"emulator":{"name":"functions"},"function":{"name":"us-central1-beforeCreateUser"},"extension":{},"message":"\u001b[90m> \u001b[39m     passwordHash: undefined,"}}
[info] >      passwordSalt: undefined, {"user":"    passwordSalt: undefined,","metadata":{"emulator":{"name":"functions"},"function":{"name":"us-central1-beforeCreateUser"},"extension":{},"message":"\u001b[90m> \u001b[39m     passwordSalt: undefined,"}}
[info] >      customClaims: undefined, {"user":"    customClaims: undefined,","metadata":{"emulator":{"name":"functions"},"function":{"name":"us-central1-beforeCreateUser"},"extension":{},"message":"\u001b[90m> \u001b[39m     customClaims: undefined,"}}
[info] >      tenantId: undefined, {"user":"    tenantId: undefined,","metadata":{"emulator":{"name":"functions"},"function":{"name":"us-central1-beforeCreateUser"},"extension":{},"message":"\u001b[90m> \u001b[39m     tenantId: undefined,"}}
[info] >      tokensValidAfterTime: null, {"user":"    tokensValidAfterTime: null,","metadata":{"emulator":{"name":"functions"},"function":{"name":"us-central1-beforeCreateUser"},"extension":{},"message":"\u001b[90m> \u001b[39m     tokensValidAfterTime: null,"}}
[info] >      multiFactor: null {"user":"    multiFactor: null","metadata":{"emulator":{"name":"functions"},"function":{"name":"us-central1-beforeCreateUser"},"extension":{},"message":"\u001b[90m> \u001b[39m     multiFactor: null"}}
[info] >    }, {"user":"  },","metadata":{"emulator":{"name":"functions"},"function":{"name":"us-central1-beforeCreateUser"},"extension":{},"message":"\u001b[90m> \u001b[39m   },"}}
[info] >    context: { {"user":"  context: {","metadata":{"emulator":{"name":"functions"},"function":{"name":"us-central1-beforeCreateUser"},"extension":{},"message":"\u001b[90m> \u001b[39m   context: {"}}
[info] >      locale: 'en', {"user":"    locale: 'en',","metadata":{"emulator":{"name":"functions"},"function":{"name":"us-central1-beforeCreateUser"},"extension":{},"message":"\u001b[90m> \u001b[39m     locale: 'en',"}}
[info] >      ipAddress: '127.0.0.1', {"user":"    ipAddress: '127.0.0.1',","metadata":{"emulator":{"name":"functions"},"function":{"name":"us-central1-beforeCreateUser"},"extension":{},"message":"\u001b[90m> \u001b[39m     ipAddress: '127.0.0.1',"}}
[info] >      userAgent: 'NotYetSupportedInFirebaseAuthEmulator', {"user":"    userAgent: 'NotYetSupportedInFirebaseAuthEmulator',","metadata":{"emulator":{"name":"functions"},"function":{"name":"us-central1-beforeCreateUser"},"extension":{},"message":"\u001b[90m> \u001b[39m     userAgent: 'NotYetSupportedInFirebaseAuthEmulator',"}}
[info] >      eventId: 'k84vKBtFTPRpEkxs', {"user":"    eventId: 'k84vKBtFTPRpEkxs',","metadata":{"emulator":{"name":"functions"},"function":{"name":"us-central1-beforeCreateUser"},"extension":{},"message":"\u001b[90m> \u001b[39m     eventId: 'k84vKBtFTPRpEkxs',"}}
[info] >      eventType: 'providers/cloud.auth/eventTypes/user.beforeCreate:google.com', {"user":"    eventType: 'providers/cloud.auth/eventTypes/user.beforeCreate:google.com',","metadata":{"emulator":{"name":"functions"},"function":{"name":"us-central1-beforeCreateUser"},"extension":{},"message":"\u001b[90m> \u001b[39m     eventType: 'providers/cloud.auth/eventTypes/user.beforeCreate:google.com',"}}
[info] >      authType: 'USER', {"user":"    authType: 'USER',","metadata":{"emulator":{"name":"functions"},"function":{"name":"us-central1-beforeCreateUser"},"extension":{},"message":"\u001b[90m> \u001b[39m     authType: 'USER',"}}
[info] >      resource: { {"user":"    resource: {","metadata":{"emulator":{"name":"functions"},"function":{"name":"us-central1-beforeCreateUser"},"extension":{},"message":"\u001b[90m> \u001b[39m     resource: {"}}
[info] >        service: 'identitytoolkit.googleapis.com', {"user":"      service: 'identitytoolkit.googleapis.com',","metadata":{"emulator":{"name":"functions"},"function":{"name":"us-central1-beforeCreateUser"},"extension":{},"message":"\u001b[90m> \u001b[39m       service: 'identitytoolkit.googleapis.com',"}}
[info] >        name: 'projects/legends-public' {"user":"      name: 'projects/legends-public'","metadata":{"emulator":{"name":"functions"},"function":{"name":"us-central1-beforeCreateUser"},"extension":{},"message":"\u001b[90m> \u001b[39m       name: 'projects/legends-public'"}}
[info] >      }, {"user":"    },","metadata":{"emulator":{"name":"functions"},"function":{"name":"us-central1-beforeCreateUser"},"extension":{},"message":"\u001b[90m> \u001b[39m     },"}}
[info] >      timestamp: 'Sat, 31 Dec 2022 15:49:54 GMT', {"user":"    timestamp: 'Sat, 31 Dec 2022 15:49:54 GMT',","metadata":{"emulator":{"name":"functions"},"function":{"name":"us-central1-beforeCreateUser"},"extension":{},"message":"\u001b[90m> \u001b[39m     timestamp: 'Sat, 31 Dec 2022 15:49:54 GMT',"}}
[info] >      additionalUserInfo: { {"user":"    additionalUserInfo: {","metadata":{"emulator":{"name":"functions"},"function":{"name":"us-central1-beforeCreateUser"},"extension":{},"message":"\u001b[90m> \u001b[39m     additionalUserInfo: {"}}
[info] >        providerId: 'google.com', {"user":"      providerId: 'google.com',","metadata":{"emulator":{"name":"functions"},"function":{"name":"us-central1-beforeCreateUser"},"extension":{},"message":"\u001b[90m> \u001b[39m       providerId: 'google.com',"}}
[info] >        profile: [Object], {"user":"      profile: [Object],","metadata":{"emulator":{"name":"functions"},"function":{"name":"us-central1-beforeCreateUser"},"extension":{},"message":"\u001b[90m> \u001b[39m       profile: [Object],"}}
[info] >        username: undefined, {"user":"      username: undefined,","metadata":{"emulator":{"name":"functions"},"function":{"name":"us-central1-beforeCreateUser"},"extension":{},"message":"\u001b[90m> \u001b[39m       username: undefined,"}}
[info] >        isNewUser: true {"user":"      isNewUser: true","metadata":{"emulator":{"name":"functions"},"function":{"name":"us-central1-beforeCreateUser"},"extension":{},"message":"\u001b[90m> \u001b[39m       isNewUser: true"}}
[info] >      }, {"user":"    },","metadata":{"emulator":{"name":"functions"},"function":{"name":"us-central1-beforeCreateUser"},"extension":{},"message":"\u001b[90m> \u001b[39m     },"}}
[info] >      credential: null, {"user":"    credential: null,","metadata":{"emulator":{"name":"functions"},"function":{"name":"us-central1-beforeCreateUser"},"extension":{},"message":"\u001b[90m> \u001b[39m     credential: null,"}}
[info] >      params: {} {"user":"    params: {}","metadata":{"emulator":{"name":"functions"},"function":{"name":"us-central1-beforeCreateUser"},"extension":{},"message":"\u001b[90m> \u001b[39m     params: {}"}}
[info] >    } {"user":"  }","metadata":{"emulator":{"name":"functions"},"function":{"name":"us-central1-beforeCreateUser"},"extension":{},"message":"\u001b[90m> \u001b[39m   }"}}
[info] >  } {"user":"}","metadata":{"emulator":{"name":"functions"},"function":{"name":"us-central1-beforeCreateUser"},"extension":{},"message":"\u001b[90m> \u001b[39m }"}}
[debug] [2022-12-31T15:49:55.154Z] [worker-us-central1-beforeCreateUser-35f8b04c-7cb4-44ce-b2db-4f2a5041eadf]: IDLE {"metadata":{"emulator":{"name":"functions"},"message":"[worker-us-central1-beforeCreateUser-35f8b04c-7cb4-44ce-b2db-4f2a5041eadf]: IDLE"}}
[debug] [2022-12-31T15:49:55.154Z] [work-queue] {"queuedWork":[],"queueLength":0,"runningWork":[],"workRunningCount":0}
[info] i  functions: Finished "beforeCreateUser" in 47.987833ms {"metadata":{"emulator":{"name":"functions"},"function":{"name":"us-central1-beforeCreateUser"},"extension":{},"message":"Finished \"beforeCreateUser\" in 47.987833ms"}}
[debug] [2022-12-31T15:49:55.155Z] >>> [apiv2][query] POST http://127.0.0.1:5001/functions/projects/legends-public/trigger_multicast [none]
[debug] [2022-12-31T15:49:55.155Z] >>> [apiv2][body] POST http://127.0.0.1:5001/functions/projects/legends-public/trigger_multicast {"eventId":"7c983340-34e6-44c5-aa84-24f3cd48a97e","eventType":"providers/firebase.auth/eventTypes/user.create","resource":{"name":"projects/legends-public","service":"firebaseauth.googleapis.com"},"params":{},"timestamp":"2022-12-31T15:49:55.155Z","data":{"uid":"dfMvRF7z0sxSNDye6gMKPz3oFJ1a","email":"mountain.algae.941@example.com","emailVerified":true,"displayName":"Mountain Algae","metadata":{"creationTime":"2022-12-31T15:49:54.469Z","lastSignInTime":"2022-12-31T15:49:54.469Z"},"customClaims":{"https://hasura.io/jwt/claims":{"x-hasura-default-role":"user","x-hasura-allowed-roles":["user"],"x-hasura-user-id":"dfMvRF7z0sxSNDye6gMKPz3oFJ1a"}},"providerData":[{"providerId":"google.com","rawId":"8889841535779453652613709063598531499619","federatedId":"8889841535779453652613709063598531499619","displayName":"Mountain Algae","email":"mountain.algae.941@example.com","screenName":"algae_mountain"}]}}
[debug] [2022-12-31T15:49:55.156Z] <<< [apiv2][status] POST http://127.0.0.1:5001/functions/projects/legends-public/trigger_multicast 200
[debug] [2022-12-31T15:49:55.156Z] <<< [apiv2][body] POST http://127.0.0.1:5001/functions/projects/legends-public/trigger_multicast {"status":"multicast_acknowledged"}
[debug] [2022-12-31T15:54:50.091Z] [work-queue] {"queuedWork":["/legends-public/us-central1/beforeCreateUser-2022-12-31T15:54:50.091Z"],"queueLength":1,"runningWork":[],"workRunningCount":0}
[debug] [2022-12-31T15:54:50.092Z] [work-queue] {"queuedWork":[],"queueLength":0,"runningWork":["/legends-public/us-central1/beforeCreateUser-2022-12-31T15:54:50.091Z"],"workRunningCount":1}
[debug] [2022-12-31T15:54:50.092Z] Accepted request POST /legends-public/us-central1/beforeCreateUser --> us-central1-beforeCreateUser
[debug] [2022-12-31T15:54:50.093Z] [functions] Runtime ready! Sending request! {"metadata":{"emulator":{"name":"functions"},"message":"[functions] Runtime ready! Sending request!"}}
[debug] [2022-12-31T15:54:50.093Z] [functions] Got req.url=/legends-public/us-central1/beforeCreateUser, mapping to path=/ {"metadata":{"emulator":{"name":"functions"},"message":"[functions] Got req.url=/legends-public/us-central1/beforeCreateUser, mapping to path=/"}}
[debug] [2022-12-31T15:54:50.093Z] [worker-pool] submitRequest(triggerId=us-central1-beforeCreateUser) {"metadata":{"emulator":{"name":"functions"},"message":"[worker-pool] submitRequest(triggerId=us-central1-beforeCreateUser)"}}
[debug] [2022-12-31T15:54:50.093Z] [worker-us-central1-beforeCreateUser-35f8b04c-7cb4-44ce-b2db-4f2a5041eadf]: BUSY {"metadata":{"emulator":{"name":"functions"},"message":"[worker-us-central1-beforeCreateUser-35f8b04c-7cb4-44ce-b2db-4f2a5041eadf]: BUSY"}}
[info] i  functions: Beginning execution of "beforeCreateUser" {"metadata":{"emulator":{"name":"functions"},"function":{"name":"us-central1-beforeCreateUser"},"extension":{},"message":"Beginning execution of \"beforeCreateUser\""}}
[info] >  { {"user":"{","metadata":{"emulator":{"name":"functions"},"function":{"name":"us-central1-beforeCreateUser"},"extension":{},"message":"\u001b[90m> \u001b[39m {"}}
[info] >    user: { {"user":"  user: {","metadata":{"emulator":{"name":"functions"},"function":{"name":"us-central1-beforeCreateUser"},"extension":{},"message":"\u001b[90m> \u001b[39m   user: {"}}
[info] >      uid: '6MAvxD6KRkH1cW6d9d0WweyK3Dg4', {"user":"    uid: '6MAvxD6KRkH1cW6d9d0WweyK3Dg4',","metadata":{"emulator":{"name":"functions"},"function":{"name":"us-central1-beforeCreateUser"},"extension":{},"message":"\u001b[90m> \u001b[39m     uid: '6MAvxD6KRkH1cW6d9d0WweyK3Dg4',"}}
[info] >      email: 'grass.grass.180@example.com', {"user":"    email: 'grass.grass.180@example.com',","metadata":{"emulator":{"name":"functions"},"function":{"name":"us-central1-beforeCreateUser"},"extension":{},"message":"\u001b[90m> \u001b[39m     email: 'grass.grass.180@example.com',"}}
[info] >      emailVerified: true, {"user":"    emailVerified: true,","metadata":{"emulator":{"name":"functions"},"function":{"name":"us-central1-beforeCreateUser"},"extension":{},"message":"\u001b[90m> \u001b[39m     emailVerified: true,"}}
[info] >      displayName: 'Grass Grass', {"user":"    displayName: 'Grass Grass',","metadata":{"emulator":{"name":"functions"},"function":{"name":"us-central1-beforeCreateUser"},"extension":{},"message":"\u001b[90m> \u001b[39m     displayName: 'Grass Grass',"}}
[info] >      photoURL: undefined, {"user":"    photoURL: undefined,","metadata":{"emulator":{"name":"functions"},"function":{"name":"us-central1-beforeCreateUser"},"extension":{},"message":"\u001b[90m> \u001b[39m     photoURL: undefined,"}}
[info] >      phoneNumber: undefined, {"user":"    phoneNumber: undefined,","metadata":{"emulator":{"name":"functions"},"function":{"name":"us-central1-beforeCreateUser"},"extension":{},"message":"\u001b[90m> \u001b[39m     phoneNumber: undefined,"}}
[info] >      disabled: false, {"user":"    disabled: false,","metadata":{"emulator":{"name":"functions"},"function":{"name":"us-central1-beforeCreateUser"},"extension":{},"message":"\u001b[90m> \u001b[39m     disabled: false,"}}
[info] >      metadata: { {"user":"    metadata: {","metadata":{"emulator":{"name":"functions"},"function":{"name":"us-central1-beforeCreateUser"},"extension":{},"message":"\u001b[90m> \u001b[39m     metadata: {"}}
[info] >        creationTime: 'Sun, 25 Jun 54969 01:54:49 GMT', {"user":"      creationTime: 'Sun, 25 Jun 54969 01:54:49 GMT',","metadata":{"emulator":{"name":"functions"},"function":{"name":"us-central1-beforeCreateUser"},"extension":{},"message":"\u001b[90m> \u001b[39m       creationTime: 'Sun, 25 Jun 54969 01:54:49 GMT',"}}
[info] >        lastSignInTime: 'Sun, 25 Jun 54969 01:54:49 GMT' {"user":"      lastSignInTime: 'Sun, 25 Jun 54969 01:54:49 GMT'","metadata":{"emulator":{"name":"functions"},"function":{"name":"us-central1-beforeCreateUser"},"extension":{},"message":"\u001b[90m> \u001b[39m       lastSignInTime: 'Sun, 25 Jun 54969 01:54:49 GMT'"}}
[info] >      }, {"user":"    },","metadata":{"emulator":{"name":"functions"},"function":{"name":"us-central1-beforeCreateUser"},"extension":{},"message":"\u001b[90m> \u001b[39m     },"}}
[info] >      providerData: [ [Object] ], {"user":"    providerData: [ [Object] ],","metadata":{"emulator":{"name":"functions"},"function":{"name":"us-central1-beforeCreateUser"},"extension":{},"message":"\u001b[90m> \u001b[39m     providerData: [ [Object] ],"}}
[info] >      passwordHash: undefined, {"user":"    passwordHash: undefined,","metadata":{"emulator":{"name":"functions"},"function":{"name":"us-central1-beforeCreateUser"},"extension":{},"message":"\u001b[90m> \u001b[39m     passwordHash: undefined,"}}
[info] >      passwordSalt: undefined, {"user":"    passwordSalt: undefined,","metadata":{"emulator":{"name":"functions"},"function":{"name":"us-central1-beforeCreateUser"},"extension":{},"message":"\u001b[90m> \u001b[39m     passwordSalt: undefined,"}}
[info] >      customClaims: undefined, {"user":"    customClaims: undefined,","metadata":{"emulator":{"name":"functions"},"function":{"name":"us-central1-beforeCreateUser"},"extension":{},"message":"\u001b[90m> \u001b[39m     customClaims: undefined,"}}
[info] >      tenantId: undefined, {"user":"    tenantId: undefined,","metadata":{"emulator":{"name":"functions"},"function":{"name":"us-central1-beforeCreateUser"},"extension":{},"message":"\u001b[90m> \u001b[39m     tenantId: undefined,"}}
[info] >      tokensValidAfterTime: null, {"user":"    tokensValidAfterTime: null,","metadata":{"emulator":{"name":"functions"},"function":{"name":"us-central1-beforeCreateUser"},"extension":{},"message":"\u001b[90m> \u001b[39m     tokensValidAfterTime: null,"}}
[info] >      multiFactor: null {"user":"    multiFactor: null","metadata":{"emulator":{"name":"functions"},"function":{"name":"us-central1-beforeCreateUser"},"extension":{},"message":"\u001b[90m> \u001b[39m     multiFactor: null"}}
[info] >    }, {"user":"  },","metadata":{"emulator":{"name":"functions"},"function":{"name":"us-central1-beforeCreateUser"},"extension":{},"message":"\u001b[90m> \u001b[39m   },"}}
[info] >    context: { {"user":"  context: {","metadata":{"emulator":{"name":"functions"},"function":{"name":"us-central1-beforeCreateUser"},"extension":{},"message":"\u001b[90m> \u001b[39m   context: {"}}
[info] >      locale: 'en', {"user":"    locale: 'en',","metadata":{"emulator":{"name":"functions"},"function":{"name":"us-central1-beforeCreateUser"},"extension":{},"message":"\u001b[90m> \u001b[39m     locale: 'en',"}}
[info] >      ipAddress: '127.0.0.1', {"user":"    ipAddress: '127.0.0.1',","metadata":{"emulator":{"name":"functions"},"function":{"name":"us-central1-beforeCreateUser"},"extension":{},"message":"\u001b[90m> \u001b[39m     ipAddress: '127.0.0.1',"}}
[info] >      userAgent: 'NotYetSupportedInFirebaseAuthEmulator', {"user":"    userAgent: 'NotYetSupportedInFirebaseAuthEmulator',","metadata":{"emulator":{"name":"functions"},"function":{"name":"us-central1-beforeCreateUser"},"extension":{},"message":"\u001b[90m> \u001b[39m     userAgent: 'NotYetSupportedInFirebaseAuthEmulator',"}}
[info] >      eventId: '9d8xGxmJUkmlfHm6', {"user":"    eventId: '9d8xGxmJUkmlfHm6',","metadata":{"emulator":{"name":"functions"},"function":{"name":"us-central1-beforeCreateUser"},"extension":{},"message":"\u001b[90m> \u001b[39m     eventId: '9d8xGxmJUkmlfHm6',"}}
[info] >      eventType: 'providers/cloud.auth/eventTypes/user.beforeCreate:facebook.com', {"user":"    eventType: 'providers/cloud.auth/eventTypes/user.beforeCreate:facebook.com',","metadata":{"emulator":{"name":"functions"},"function":{"name":"us-central1-beforeCreateUser"},"extension":{},"message":"\u001b[90m> \u001b[39m     eventType: 'providers/cloud.auth/eventTypes/user.beforeCreate:facebook.com',"}}
[info] >      authType: 'USER', {"user":"    authType: 'USER',","metadata":{"emulator":{"name":"functions"},"function":{"name":"us-central1-beforeCreateUser"},"extension":{},"message":"\u001b[90m> \u001b[39m     authType: 'USER',"}}
[info] >      resource: { {"user":"    resource: {","metadata":{"emulator":{"name":"functions"},"function":{"name":"us-central1-beforeCreateUser"},"extension":{},"message":"\u001b[90m> \u001b[39m     resource: {"}}
[info] >        service: 'identitytoolkit.googleapis.com', {"user":"      service: 'identitytoolkit.googleapis.com',","metadata":{"emulator":{"name":"functions"},"function":{"name":"us-central1-beforeCreateUser"},"extension":{},"message":"\u001b[90m> \u001b[39m       service: 'identitytoolkit.googleapis.com',"}}
[info] >        name: 'projects/legends-public' {"user":"      name: 'projects/legends-public'","metadata":{"emulator":{"name":"functions"},"function":{"name":"us-central1-beforeCreateUser"},"extension":{},"message":"\u001b[90m> \u001b[39m       name: 'projects/legends-public'"}}
[info] >      }, {"user":"    },","metadata":{"emulator":{"name":"functions"},"function":{"name":"us-central1-beforeCreateUser"},"extension":{},"message":"\u001b[90m> \u001b[39m     },"}}
[info] >      timestamp: 'Sat, 31 Dec 2022 15:54:50 GMT', {"user":"    timestamp: 'Sat, 31 Dec 2022 15:54:50 GMT',","metadata":{"emulator":{"name":"functions"},"function":{"name":"us-central1-beforeCreateUser"},"extension":{},"message":"\u001b[90m> \u001b[39m     timestamp: 'Sat, 31 Dec 2022 15:54:50 GMT',"}}
[info] >      additionalUserInfo: { {"user":"    additionalUserInfo: {","metadata":{"emulator":{"name":"functions"},"function":{"name":"us-central1-beforeCreateUser"},"extension":{},"message":"\u001b[90m> \u001b[39m     additionalUserInfo: {"}}
[info] >        providerId: 'facebook.com', {"user":"      providerId: 'facebook.com',","metadata":{"emulator":{"name":"functions"},"function":{"name":"us-central1-beforeCreateUser"},"extension":{},"message":"\u001b[90m> \u001b[39m       providerId: 'facebook.com',"}}
[info] >        profile: [Object], {"user":"      profile: [Object],","metadata":{"emulator":{"name":"functions"},"function":{"name":"us-central1-beforeCreateUser"},"extension":{},"message":"\u001b[90m> \u001b[39m       profile: [Object],"}}
[info] >        username: undefined, {"user":"      username: undefined,","metadata":{"emulator":{"name":"functions"},"function":{"name":"us-central1-beforeCreateUser"},"extension":{},"message":"\u001b[90m> \u001b[39m       username: undefined,"}}
[info] >        isNewUser: true {"user":"      isNewUser: true","metadata":{"emulator":{"name":"functions"},"function":{"name":"us-central1-beforeCreateUser"},"extension":{},"message":"\u001b[90m> \u001b[39m       isNewUser: true"}}
[info] >      }, {"user":"    },","metadata":{"emulator":{"name":"functions"},"function":{"name":"us-central1-beforeCreateUser"},"extension":{},"message":"\u001b[90m> \u001b[39m     },"}}
[info] >      credential: null, {"user":"    credential: null,","metadata":{"emulator":{"name":"functions"},"function":{"name":"us-central1-beforeCreateUser"},"extension":{},"message":"\u001b[90m> \u001b[39m     credential: null,"}}
[info] >      params: {} {"user":"    params: {}","metadata":{"emulator":{"name":"functions"},"function":{"name":"us-central1-beforeCreateUser"},"extension":{},"message":"\u001b[90m> \u001b[39m     params: {}"}}
[info] >    } {"user":"  }","metadata":{"emulator":{"name":"functions"},"function":{"name":"us-central1-beforeCreateUser"},"extension":{},"message":"\u001b[90m> \u001b[39m   }"}}
[info] >  } {"user":"}","metadata":{"emulator":{"name":"functions"},"function":{"name":"us-central1-beforeCreateUser"},"extension":{},"message":"\u001b[90m> \u001b[39m }"}}
[debug] [2022-12-31T15:54:50.110Z] [worker-us-central1-beforeCreateUser-35f8b04c-7cb4-44ce-b2db-4f2a5041eadf]: IDLE {"metadata":{"emulator":{"name":"functions"},"message":"[worker-us-central1-beforeCreateUser-35f8b04c-7cb4-44ce-b2db-4f2a5041eadf]: IDLE"}}
[debug] [2022-12-31T15:54:50.110Z] [work-queue] {"queuedWork":[],"queueLength":0,"runningWork":[],"workRunningCount":0}
[info] i  functions: Finished "beforeCreateUser" in 11.713166ms {"metadata":{"emulator":{"name":"functions"},"function":{"name":"us-central1-beforeCreateUser"},"extension":{},"message":"Finished \"beforeCreateUser\" in 11.713166ms"}}
[debug] [2022-12-31T15:54:50.111Z] >>> [apiv2][query] POST http://127.0.0.1:5001/functions/projects/legends-public/trigger_multicast [none]
[debug] [2022-12-31T15:54:50.111Z] >>> [apiv2][body] POST http://127.0.0.1:5001/functions/projects/legends-public/trigger_multicast {"eventId":"09441497-105b-4172-981d-a1a6fa0ed312","eventType":"providers/firebase.auth/eventTypes/user.create","resource":{"name":"projects/legends-public","service":"firebaseauth.googleapis.com"},"params":{},"timestamp":"2022-12-31T15:54:50.111Z","data":{"uid":"6MAvxD6KRkH1cW6d9d0WweyK3Dg4","email":"grass.grass.180@example.com","emailVerified":true,"displayName":"Grass Grass","metadata":{"creationTime":"2022-12-31T15:54:50.089Z","lastSignInTime":"2022-12-31T15:54:50.089Z"},"customClaims":{"https://hasura.io/jwt/claims":{"x-hasura-default-role":"user","x-hasura-allowed-roles":["user"],"x-hasura-user-id":"6MAvxD6KRkH1cW6d9d0WweyK3Dg4"}},"providerData":[{"providerId":"facebook.com","rawId":"1015283189179321285071067635645720380650","federatedId":"1015283189179321285071067635645720380650","displayName":"Grass Grass","email":"grass.grass.180@example.com","screenName":"grass_grass"}]}}
[debug] [2022-12-31T15:54:50.114Z] <<< [apiv2][status] POST http://127.0.0.1:5001/functions/projects/legends-public/trigger_multicast 200
[debug] [2022-12-31T15:54:50.114Z] <<< [apiv2][body] POST http://127.0.0.1:5001/functions/projects/legends-public/trigger_multicast {"status":"multicast_acknowledged"}
[debug] [2023-01-02T19:02:26.221Z] [work-queue] {"queuedWork":["/legends-public/us-central1/beforeCreateUser-2023-01-02T19:02:26.221Z"],"queueLength":1,"runningWork":[],"workRunningCount":0}
[debug] [2023-01-02T19:02:26.223Z] [work-queue] {"queuedWork":[],"queueLength":0,"runningWork":["/legends-public/us-central1/beforeCreateUser-2023-01-02T19:02:26.221Z"],"workRunningCount":1}
[debug] [2023-01-02T19:02:26.223Z] Accepted request POST /legends-public/us-central1/beforeCreateUser --> us-central1-beforeCreateUser
[debug] [2023-01-02T19:02:26.226Z] [functions] Runtime ready! Sending request! {"metadata":{"emulator":{"name":"functions"},"message":"[functions] Runtime ready! Sending request!"}}
[debug] [2023-01-02T19:02:26.227Z] [functions] Got req.url=/legends-public/us-central1/beforeCreateUser, mapping to path=/ {"metadata":{"emulator":{"name":"functions"},"message":"[functions] Got req.url=/legends-public/us-central1/beforeCreateUser, mapping to path=/"}}
[debug] [2023-01-02T19:02:26.227Z] [worker-pool] submitRequest(triggerId=us-central1-beforeCreateUser) {"metadata":{"emulator":{"name":"functions"},"message":"[worker-pool] submitRequest(triggerId=us-central1-beforeCreateUser)"}}
[debug] [2023-01-02T19:02:26.227Z] [worker-us-central1-beforeCreateUser-35f8b04c-7cb4-44ce-b2db-4f2a5041eadf]: BUSY {"metadata":{"emulator":{"name":"functions"},"message":"[worker-us-central1-beforeCreateUser-35f8b04c-7cb4-44ce-b2db-4f2a5041eadf]: BUSY"}}
[info] i  functions: Beginning execution of "beforeCreateUser" {"metadata":{"emulator":{"name":"functions"},"function":{"name":"us-central1-beforeCreateUser"},"extension":{},"message":"Beginning execution of \"beforeCreateUser\""}}
[info] >  { {"user":"{","metadata":{"emulator":{"name":"functions"},"function":{"name":"us-central1-beforeCreateUser"},"extension":{},"message":"\u001b[90m> \u001b[39m {"}}
[info] >    user: { {"user":"  user: {","metadata":{"emulator":{"name":"functions"},"function":{"name":"us-central1-beforeCreateUser"},"extension":{},"message":"\u001b[90m> \u001b[39m   user: {"}}
[info] >      uid: 'IhcBL9eVzBAbidJzD3Wa0Yc1j8S3', {"user":"    uid: 'IhcBL9eVzBAbidJzD3Wa0Yc1j8S3',","metadata":{"emulator":{"name":"functions"},"function":{"name":"us-central1-beforeCreateUser"},"extension":{},"message":"\u001b[90m> \u001b[39m     uid: 'IhcBL9eVzBAbidJzD3Wa0Yc1j8S3',"}}
[info] >      email: 'peach.algae.205@example.com', {"user":"    email: 'peach.algae.205@example.com',","metadata":{"emulator":{"name":"functions"},"function":{"name":"us-central1-beforeCreateUser"},"extension":{},"message":"\u001b[90m> \u001b[39m     email: 'peach.algae.205@example.com',"}}
[info] >      emailVerified: true, {"user":"    emailVerified: true,","metadata":{"emulator":{"name":"functions"},"function":{"name":"us-central1-beforeCreateUser"},"extension":{},"message":"\u001b[90m> \u001b[39m     emailVerified: true,"}}
[info] >      displayName: 'Peach Algae', {"user":"    displayName: 'Peach Algae',","metadata":{"emulator":{"name":"functions"},"function":{"name":"us-central1-beforeCreateUser"},"extension":{},"message":"\u001b[90m> \u001b[39m     displayName: 'Peach Algae',"}}
[info] >      photoURL: undefined, {"user":"    photoURL: undefined,","metadata":{"emulator":{"name":"functions"},"function":{"name":"us-central1-beforeCreateUser"},"extension":{},"message":"\u001b[90m> \u001b[39m     photoURL: undefined,"}}
[info] >      phoneNumber: undefined, {"user":"    phoneNumber: undefined,","metadata":{"emulator":{"name":"functions"},"function":{"name":"us-central1-beforeCreateUser"},"extension":{},"message":"\u001b[90m> \u001b[39m     phoneNumber: undefined,"}}
[info] >      disabled: false, {"user":"    disabled: false,","metadata":{"emulator":{"name":"functions"},"function":{"name":"us-central1-beforeCreateUser"},"extension":{},"message":"\u001b[90m> \u001b[39m     disabled: false,"}}
[info] >      metadata: { {"user":"    metadata: {","metadata":{"emulator":{"name":"functions"},"function":{"name":"us-central1-beforeCreateUser"},"extension":{},"message":"\u001b[90m> \u001b[39m     metadata: {"}}
[info] >        creationTime: 'Tue, 25 Apr 54975 08:36:56 GMT', {"user":"      creationTime: 'Tue, 25 Apr 54975 08:36:56 GMT',","metadata":{"emulator":{"name":"functions"},"function":{"name":"us-central1-beforeCreateUser"},"extension":{},"message":"\u001b[90m> \u001b[39m       creationTime: 'Tue, 25 Apr 54975 08:36:56 GMT',"}}
[info] >        lastSignInTime: 'Tue, 25 Apr 54975 08:36:56 GMT' {"user":"      lastSignInTime: 'Tue, 25 Apr 54975 08:36:56 GMT'","metadata":{"emulator":{"name":"functions"},"function":{"name":"us-central1-beforeCreateUser"},"extension":{},"message":"\u001b[90m> \u001b[39m       lastSignInTime: 'Tue, 25 Apr 54975 08:36:56 GMT'"}}
[info] >      }, {"user":"    },","metadata":{"emulator":{"name":"functions"},"function":{"name":"us-central1-beforeCreateUser"},"extension":{},"message":"\u001b[90m> \u001b[39m     },"}}
[info] >      providerData: [ [Object] ], {"user":"    providerData: [ [Object] ],","metadata":{"emulator":{"name":"functions"},"function":{"name":"us-central1-beforeCreateUser"},"extension":{},"message":"\u001b[90m> \u001b[39m     providerData: [ [Object] ],"}}
[info] >      passwordHash: undefined, {"user":"    passwordHash: undefined,","metadata":{"emulator":{"name":"functions"},"function":{"name":"us-central1-beforeCreateUser"},"extension":{},"message":"\u001b[90m> \u001b[39m     passwordHash: undefined,"}}
[info] >      passwordSalt: undefined, {"user":"    passwordSalt: undefined,","metadata":{"emulator":{"name":"functions"},"function":{"name":"us-central1-beforeCreateUser"},"extension":{},"message":"\u001b[90m> \u001b[39m     passwordSalt: undefined,"}}
[info] >      customClaims: undefined, {"user":"    customClaims: undefined,","metadata":{"emulator":{"name":"functions"},"function":{"name":"us-central1-beforeCreateUser"},"extension":{},"message":"\u001b[90m> \u001b[39m     customClaims: undefined,"}}
[info] >      tenantId: undefined, {"user":"    tenantId: undefined,","metadata":{"emulator":{"name":"functions"},"function":{"name":"us-central1-beforeCreateUser"},"extension":{},"message":"\u001b[90m> \u001b[39m     tenantId: undefined,"}}
[info] >      tokensValidAfterTime: null, {"user":"    tokensValidAfterTime: null,","metadata":{"emulator":{"name":"functions"},"function":{"name":"us-central1-beforeCreateUser"},"extension":{},"message":"\u001b[90m> \u001b[39m     tokensValidAfterTime: null,"}}
[info] >      multiFactor: null {"user":"    multiFactor: null","metadata":{"emulator":{"name":"functions"},"function":{"name":"us-central1-beforeCreateUser"},"extension":{},"message":"\u001b[90m> \u001b[39m     multiFactor: null"}}
[info] >    }, {"user":"  },","metadata":{"emulator":{"name":"functions"},"function":{"name":"us-central1-beforeCreateUser"},"extension":{},"message":"\u001b[90m> \u001b[39m   },"}}
[info] >    context: { {"user":"  context: {","metadata":{"emulator":{"name":"functions"},"function":{"name":"us-central1-beforeCreateUser"},"extension":{},"message":"\u001b[90m> \u001b[39m   context: {"}}
[info] >      locale: 'en', {"user":"    locale: 'en',","metadata":{"emulator":{"name":"functions"},"function":{"name":"us-central1-beforeCreateUser"},"extension":{},"message":"\u001b[90m> \u001b[39m     locale: 'en',"}}
[info] >      ipAddress: '127.0.0.1', {"user":"    ipAddress: '127.0.0.1',","metadata":{"emulator":{"name":"functions"},"function":{"name":"us-central1-beforeCreateUser"},"extension":{},"message":"\u001b[90m> \u001b[39m     ipAddress: '127.0.0.1',"}}
[info] >      userAgent: 'NotYetSupportedInFirebaseAuthEmulator', {"user":"    userAgent: 'NotYetSupportedInFirebaseAuthEmulator',","metadata":{"emulator":{"name":"functions"},"function":{"name":"us-central1-beforeCreateUser"},"extension":{},"message":"\u001b[90m> \u001b[39m     userAgent: 'NotYetSupportedInFirebaseAuthEmulator',"}}
[info] >      eventId: '-3WWUTj0z7ixHhcJ', {"user":"    eventId: '-3WWUTj0z7ixHhcJ',","metadata":{"emulator":{"name":"functions"},"function":{"name":"us-central1-beforeCreateUser"},"extension":{},"message":"\u001b[90m> \u001b[39m     eventId: '-3WWUTj0z7ixHhcJ',"}}
[info] >      eventType: 'providers/cloud.auth/eventTypes/user.beforeCreate:google.com', {"user":"    eventType: 'providers/cloud.auth/eventTypes/user.beforeCreate:google.com',","metadata":{"emulator":{"name":"functions"},"function":{"name":"us-central1-beforeCreateUser"},"extension":{},"message":"\u001b[90m> \u001b[39m     eventType: 'providers/cloud.auth/eventTypes/user.beforeCreate:google.com',"}}
[info] >      authType: 'USER', {"user":"    authType: 'USER',","metadata":{"emulator":{"name":"functions"},"function":{"name":"us-central1-beforeCreateUser"},"extension":{},"message":"\u001b[90m> \u001b[39m     authType: 'USER',"}}
[info] >      resource: { {"user":"    resource: {","metadata":{"emulator":{"name":"functions"},"function":{"name":"us-central1-beforeCreateUser"},"extension":{},"message":"\u001b[90m> \u001b[39m     resource: {"}}
[info] >        service: 'identitytoolkit.googleapis.com', {"user":"      service: 'identitytoolkit.googleapis.com',","metadata":{"emulator":{"name":"functions"},"function":{"name":"us-central1-beforeCreateUser"},"extension":{},"message":"\u001b[90m> \u001b[39m       service: 'identitytoolkit.googleapis.com',"}}
[info] >        name: 'projects/legends-public' {"user":"      name: 'projects/legends-public'","metadata":{"emulator":{"name":"functions"},"function":{"name":"us-central1-beforeCreateUser"},"extension":{},"message":"\u001b[90m> \u001b[39m       name: 'projects/legends-public'"}}
[info] >      }, {"user":"    },","metadata":{"emulator":{"name":"functions"},"function":{"name":"us-central1-beforeCreateUser"},"extension":{},"message":"\u001b[90m> \u001b[39m     },"}}
[info] >      timestamp: 'Mon, 02 Jan 2023 19:02:26 GMT', {"user":"    timestamp: 'Mon, 02 Jan 2023 19:02:26 GMT',","metadata":{"emulator":{"name":"functions"},"function":{"name":"us-central1-beforeCreateUser"},"extension":{},"message":"\u001b[90m> \u001b[39m     timestamp: 'Mon, 02 Jan 2023 19:02:26 GMT',"}}
[info] >      additionalUserInfo: { {"user":"    additionalUserInfo: {","metadata":{"emulator":{"name":"functions"},"function":{"name":"us-central1-beforeCreateUser"},"extension":{},"message":"\u001b[90m> \u001b[39m     additionalUserInfo: {"}}
[info] >        providerId: 'google.com', {"user":"      providerId: 'google.com',","metadata":{"emulator":{"name":"functions"},"function":{"name":"us-central1-beforeCreateUser"},"extension":{},"message":"\u001b[90m> \u001b[39m       providerId: 'google.com',"}}
[info] >        profile: [Object], {"user":"      profile: [Object],","metadata":{"emulator":{"name":"functions"},"function":{"name":"us-central1-beforeCreateUser"},"extension":{},"message":"\u001b[90m> \u001b[39m       profile: [Object],"}}
[info] >        username: undefined, {"user":"      username: undefined,","metadata":{"emulator":{"name":"functions"},"function":{"name":"us-central1-beforeCreateUser"},"extension":{},"message":"\u001b[90m> \u001b[39m       username: undefined,"}}
[info] >        isNewUser: true {"user":"      isNewUser: true","metadata":{"emulator":{"name":"functions"},"function":{"name":"us-central1-beforeCreateUser"},"extension":{},"message":"\u001b[90m> \u001b[39m       isNewUser: true"}}
[info] >      }, {"user":"    },","metadata":{"emulator":{"name":"functions"},"function":{"name":"us-central1-beforeCreateUser"},"extension":{},"message":"\u001b[90m> \u001b[39m     },"}}
[info] >      credential: null, {"user":"    credential: null,","metadata":{"emulator":{"name":"functions"},"function":{"name":"us-central1-beforeCreateUser"},"extension":{},"message":"\u001b[90m> \u001b[39m     credential: null,"}}
[info] >      params: {} {"user":"    params: {}","metadata":{"emulator":{"name":"functions"},"function":{"name":"us-central1-beforeCreateUser"},"extension":{},"message":"\u001b[90m> \u001b[39m     params: {}"}}
[info] >    } {"user":"  }","metadata":{"emulator":{"name":"functions"},"function":{"name":"us-central1-beforeCreateUser"},"extension":{},"message":"\u001b[90m> \u001b[39m   }"}}
[info] >  } {"user":"}","metadata":{"emulator":{"name":"functions"},"function":{"name":"us-central1-beforeCreateUser"},"extension":{},"message":"\u001b[90m> \u001b[39m }"}}
[debug] [2023-01-02T19:02:26.254Z] [worker-us-central1-beforeCreateUser-35f8b04c-7cb4-44ce-b2db-4f2a5041eadf]: IDLE {"metadata":{"emulator":{"name":"functions"},"message":"[worker-us-central1-beforeCreateUser-35f8b04c-7cb4-44ce-b2db-4f2a5041eadf]: IDLE"}}
[debug] [2023-01-02T19:02:26.255Z] [work-queue] {"queuedWork":[],"queueLength":0,"runningWork":[],"workRunningCount":0}
[info] i  functions: Finished "beforeCreateUser" in 20.491375ms {"metadata":{"emulator":{"name":"functions"},"function":{"name":"us-central1-beforeCreateUser"},"extension":{},"message":"Finished \"beforeCreateUser\" in 20.491375ms"}}
[debug] [2023-01-02T19:02:26.256Z] >>> [apiv2][query] POST http://127.0.0.1:5001/functions/projects/legends-public/trigger_multicast [none]
[debug] [2023-01-02T19:02:26.256Z] >>> [apiv2][body] POST http://127.0.0.1:5001/functions/projects/legends-public/trigger_multicast {"eventId":"c9051a72-af8b-4449-91c2-ed26e32d56c6","eventType":"providers/firebase.auth/eventTypes/user.create","resource":{"name":"projects/legends-public","service":"firebaseauth.googleapis.com"},"params":{},"timestamp":"2023-01-02T19:02:26.256Z","data":{"uid":"IhcBL9eVzBAbidJzD3Wa0Yc1j8S3","email":"peach.algae.205@example.com","emailVerified":true,"displayName":"Peach Algae","metadata":{"creationTime":"2023-01-02T19:02:26.216Z","lastSignInTime":"2023-01-02T19:02:26.216Z"},"customClaims":{"https://hasura.io/jwt/claims":{"x-hasura-default-role":"user","x-hasura-allowed-roles":["user"],"x-hasura-user-id":"IhcBL9eVzBAbidJzD3Wa0Yc1j8S3"}},"providerData":[{"providerId":"google.com","rawId":"2231358719914971130223054082600721109196","federatedId":"2231358719914971130223054082600721109196","displayName":"Peach Algae","email":"peach.algae.205@example.com","screenName":"algae_peach"}]}}
[debug] [2023-01-02T19:02:26.259Z] <<< [apiv2][status] POST http://127.0.0.1:5001/functions/projects/legends-public/trigger_multicast 200
[debug] [2023-01-02T19:02:26.259Z] <<< [apiv2][body] POST http://127.0.0.1:5001/functions/projects/legends-public/trigger_multicast {"status":"multicast_acknowledged"}
